2023-09-13 15:20:04 [scrapy.utils.log] INFO: Scrapy 2.8.0 started (bot: naver_it)
2023-09-13 15:20:04 [scrapy.utils.log] INFO: Versions: lxml 4.9.1.0, libxml2 2.9.14, cssselect 1.1.0, parsel 1.6.0, w3lib 1.21.0, Twisted 22.2.0, Python 3.10.9 (main, Mar  1 2023, 18:23:06) [GCC 11.2.0], pyOpenSSL 23.0.0 (OpenSSL 1.1.1t  7 Feb 2023), cryptography 39.0.1, Platform Linux-4.4.0-19041-Microsoft-x86_64-with-glibc2.31
2023-09-13 15:20:04 [scrapy.crawler] INFO: Overridden settings:
{'BOT_NAME': 'naver_it',
 'FEED_EXPORT_ENCODING': 'utf-8',
 'LOG_FILE': 'naver_it_spider.log',
 'NEWSPIDER_MODULE': 'naver_it.spiders',
 'REQUEST_FINGERPRINTER_IMPLEMENTATION': '2.7',
 'SPIDER_MODULES': ['naver_it.spiders'],
 'TWISTED_REACTOR': 'twisted.internet.asyncioreactor.AsyncioSelectorReactor'}
2023-09-13 15:20:04 [asyncio] DEBUG: Using selector: EpollSelector
2023-09-13 15:20:04 [scrapy.utils.log] DEBUG: Using reactor: twisted.internet.asyncioreactor.AsyncioSelectorReactor
2023-09-13 15:20:04 [scrapy.utils.log] DEBUG: Using asyncio event loop: asyncio.unix_events._UnixSelectorEventLoop
2023-09-13 15:20:04 [scrapy.extensions.telnet] INFO: Telnet Password: 194e65457edd405f
2023-09-13 15:20:04 [scrapy.middleware] INFO: Enabled extensions:
['scrapy.extensions.corestats.CoreStats',
 'scrapy.extensions.telnet.TelnetConsole',
 'scrapy.extensions.memusage.MemoryUsage',
 'scrapy.extensions.logstats.LogStats']
2023-09-13 15:20:04 [scrapy.middleware] INFO: Enabled downloader middlewares:
['scrapy.downloadermiddlewares.httpauth.HttpAuthMiddleware',
 'scrapy.downloadermiddlewares.downloadtimeout.DownloadTimeoutMiddleware',
 'scrapy.downloadermiddlewares.defaultheaders.DefaultHeadersMiddleware',
 'scrapy.downloadermiddlewares.useragent.UserAgentMiddleware',
 'scrapy.downloadermiddlewares.retry.RetryMiddleware',
 'scrapy.downloadermiddlewares.redirect.MetaRefreshMiddleware',
 'scrapy.downloadermiddlewares.httpcompression.HttpCompressionMiddleware',
 'scrapy.downloadermiddlewares.redirect.RedirectMiddleware',
 'scrapy.downloadermiddlewares.cookies.CookiesMiddleware',
 'scrapy.downloadermiddlewares.httpproxy.HttpProxyMiddleware',
 'scrapy.downloadermiddlewares.stats.DownloaderStats']
2023-09-13 15:20:04 [scrapy.middleware] INFO: Enabled spider middlewares:
['scrapy.spidermiddlewares.httperror.HttpErrorMiddleware',
 'scrapy.spidermiddlewares.offsite.OffsiteMiddleware',
 'scrapy.spidermiddlewares.referer.RefererMiddleware',
 'scrapy.spidermiddlewares.urllength.UrlLengthMiddleware',
 'scrapy.spidermiddlewares.depth.DepthMiddleware']
2023-09-13 15:20:04 [scrapy.middleware] INFO: Enabled item pipelines:
[]
2023-09-13 15:20:04 [scrapy.core.engine] INFO: Spider opened
2023-09-13 15:20:04 [scrapy.extensions.logstats] INFO: Crawled 0 pages (at 0 pages/min), scraped 0 items (at 0 items/min)
2023-09-13 15:20:04 [scrapy.extensions.telnet] INFO: Telnet console listening on 127.0.0.1:6023
2023-09-13 15:20:04 [scrapy.downloadermiddlewares.redirect] DEBUG: Redirecting (302) to <GET https://news.naver.com/main/list.naver?mode=LS2D&mid=shm&sid1=105&sid2=731> from <GET http://news.naver.com/main/list.naver?mode=LS2D&mid=shm&sid1=105&sid2=731>
2023-09-13 15:20:04 [scrapy.core.engine] DEBUG: Crawled (200) <GET https://news.naver.com/main/list.naver?mode=LS2D&mid=shm&sid1=105&sid2=731> (referer: None)
2023-09-13 15:20:04 [scrapy.core.engine] INFO: Closing spider (finished)
2023-09-13 15:20:04 [scrapy.statscollectors] INFO: Dumping Scrapy stats:
{'downloader/request_bytes': 550,
 'downloader/request_count': 2,
 'downloader/request_method_count/GET': 2,
 'downloader/response_bytes': 21963,
 'downloader/response_count': 2,
 'downloader/response_status_count/200': 1,
 'downloader/response_status_count/302': 1,
 'elapsed_time_seconds': 0.201834,
 'finish_reason': 'finished',
 'finish_time': datetime.datetime(2023, 9, 13, 6, 20, 4, 583132),
 'httpcompression/response_bytes': 183073,
 'httpcompression/response_count': 1,
 'log_count/DEBUG': 5,
 'log_count/INFO': 10,
 'memusage/max': 56446976,
 'memusage/startup': 56446976,
 'response_received_count': 1,
 'scheduler/dequeued': 2,
 'scheduler/dequeued/memory': 2,
 'scheduler/enqueued': 2,
 'scheduler/enqueued/memory': 2,
 'start_time': datetime.datetime(2023, 9, 13, 6, 20, 4, 381298)}
2023-09-13 15:20:04 [scrapy.core.engine] INFO: Spider closed (finished)
